#
# There is insufficient memory for the Java Runtime Environment to continue.
# Native memory allocation (mmap) failed to map 132120576 bytes for G1 virtual space
# Possible reasons:
#   The system is out of physical RAM or swap space
#   The process is running with CompressedOops enabled, and the Java Heap may be blocking the growth of the native heap
# Possible solutions:
#   Reduce memory load on the system
#   Increase physical memory or swap space
#   Check if swap backing store is full
#   Decrease Java heap size (-Xmx/-Xms)
#   Decrease number of Java threads
#   Decrease Java thread stack sizes (-Xss)
#   Set larger code cache with -XX:ReservedCodeCacheSize=
#   JVM is running with Unscaled Compressed Oops mode in which the Java heap is
#     placed in the first 4GB address space. The Java Heap base address is the
#     maximum limit for the native heap growth. Please use -XX:HeapBaseMinAddress
#     to set the Java Heap base and to place the Java Heap above 4GB virtual address.
# This output file may be truncated or incomplete.
#
#  Out of Memory Error (./open/src/hotspot/os/windows/os_windows.cpp:3472), pid=19760, tid=14312
#
# JRE version:  (15.0.1+9) (build )
# Java VM: OpenJDK 64-Bit Server VM (15.0.1+9-18, mixed mode, sharing, tiered, compressed oops, g1 gc, windows-amd64)
# No core dump will be written. Minidumps are not enabled by default on client versions of Windows
#

---------------  S U M M A R Y ------------

Command Line: -Dfile.encoding=Cp1252 -XX:+ShowCodeDetailsInExceptionMessages jUnitclass.MainArrOperations

Host: Intel(R) Core(TM) i5-10210U CPU @ 1.60GHz, 8 cores, 7G,  Windows 10 , 64 bit Build 19041 (10.0.19041.1023)
Time: Fri Jul 16 09:37:54 2021 India Standard Time elapsed time: 0.334060 seconds (0d 0h 0m 0s)

---------------  T H R E A D  ---------------

Current thread (0x000001b1aeac1d10):  JavaThread "Unknown thread" [_thread_in_vm, id=14312, stack(0x00000098d2300000,0x00000098d2400000)]

Stack: [0x00000098d2300000,0x00000098d2400000]
Native frames: (J=compiled Java code, j=interpreted, Vv=VM code, C=native code)
V  [jvm.dll+0x62ae9a]
V  [jvm.dll+0x781389]
V  [jvm.dll+0x782ae3]
V  [jvm.dll+0x783143]
V  [jvm.dll+0x216265]
V  [jvm.dll+0x6281d9]
V  [jvm.dll+0x61cd15]
V  [jvm.dll+0x2d01fd]
V  [jvm.dll+0x2d0062]
V  [jvm.dll+0x2d603c]
V  [jvm.dll+0x325b2a]
V  [jvm.dll+0x3251f4]
V  [jvm.dll+0x2a717a]
V  [jvm.dll+0x2a8318]
V  [jvm.dll+0x75e101]
V  [jvm.dll+0x3343e4]
V  [jvm.dll+0x73e826]
V  [jvm.dll+0x3b7777]
V  [jvm.dll+0x3b9201]
C  [jli.dll+0x52fb]
C  [ucrtbase.dll+0x21bb2]
C  [KERNEL32.dll+0x17034]
C  [ntdll.dll+0x52651]


---------------  P R O C E S S  ---------------

Threads class SMR info:
_java_thread_list=0x00007ffc22724ff0, length=0, elements={
}

Java Threads: ( => current thread )

Other Threads:
  0x000001b1aeb021b0 GCTaskThread "GC Thread#0" [stack: 0x00000098d2400000,0x00000098d2500000] [id=25792]
  0x000001b1aeb13a90 ConcurrentGCThread "G1 Main Marker" [stack: 0x00000098d2500000,0x00000098d2600000] [id=23360]
  0x000001b1aeb14be0 ConcurrentGCThread "G1 Conc#0" [stack: 0x00000098d2600000,0x00000098d2700000] [id=17904]

[error occurred during error reporting (printing all threads), id 0xc0000005, EXCEPTION_ACCESS_VIOLATION (0xc0000005) at pc=0x00007ffc21f18047]

VM state: not at safepoint (not fully initialized)

VM Mutex/Monitor currently owned by a thread:  ([mutex/lock_event])
[0x000001b1aeabcd00] Heap_lock - owner thread: 0x000001b1aeac1d10

Heap address: 0x0000000083a00000, size: 1990 MB, Compressed Oops mode: 32-bit
CDS archive(s) mapped at: [0x0000000000000000-0x0000000000000000-0x0000000000000000), size 0, SharedBaseAddress: 0x0000000800000000, ArchiveRelocationMode: 0.
Narrow klass base: 0x0000000000000000, Narrow klass shift: 0, Narrow klass range: 0x0

Heap:
 garbage-first heap   total 129024K, used 0K [0x0000000083a00000, 0x0000000100000000)
  region size 1024K, 0 young (0K), 0 survivors (0K)
 Metaspace       used 0K, capacity 0K, committed 0K, reserved 0K
  class space    used 0K, capacity 0K, committed 0K, reserved 0K

Heap Regions: E=young(eden), S=young(survivor), O=old, HS=humongous(starts), HC=humongous(continues), CS=collection set, F=free, OA=open archive, CA=closed archive, TAMS=top-at-mark-start (previous, next)

Card table byte_map: [0x000001b1c3b40000,0x000001b1c3f30000] _byte_map_base: 0x000001b1c3723000

Marking Bits (Prev, Next): (CMBitMap*) 0x000001b1aeb03770, (CMBitMap*) 0x000001b1aeb037b0
 Prev Bits: [0x000001b1c4320000, 0x000001b1c6238000)
 Next Bits: [0x000001b1c6240000, 0x000001b1c8158000)

GC Heap History (0 events):
No events

Deoptimization events (0 events):
No events

Classes unloaded (0 events):
No events

Classes redefined (0 events):
No events

Internal exceptions (0 events):
No events

Events (1 events):
Event: 0.025 Loaded shared library D:\Get Software\eclipse-jee-2020-12-R-win32-x86_64\eclipse\plugins\org.eclipse.justj.openjdk.hotspot.jre.full.win32.x86_64_15.0.1.v20201027-0507\jre\bin\java.dll


Dynamic libraries:
0x00007ff7dbe50000 - 0x00007ff7dbe5d000 	D:\Get Software\eclipse-jee-2020-12-R-win32-x86_64\eclipse\plugins\org.eclipse.justj.openjdk.hotspot.jre.full.win32.x86_64_15.0.1.v20201027-0507\jre\bin\javaw.exe
0x00007ffc730d0000 - 0x00007ffc732c5000 	C:\Windows\SYSTEM32\ntdll.dll
0x00007ffc71ea0000 - 0x00007ffc71f5d000 	C:\Windows\System32\KERNEL32.dll
0x00007ffc704a0000 - 0x00007ffc705b9000 	C:\Windows\system32\hmpalert.dll
0x00007ffc70e70000 - 0x00007ffc71138000 	C:\Windows\System32\KERNELBASE.dll
0x00007ffc70d70000 - 0x00007ffc70e70000 	C:\Windows\System32\ucrtbase.dll
0x00007ffc64e00000 - 0x00007ffc64e18000 	D:\Get Software\eclipse-jee-2020-12-R-win32-x86_64\eclipse\plugins\org.eclipse.justj.openjdk.hotspot.jre.full.win32.x86_64_15.0.1.v20201027-0507\jre\bin\jli.dll
0x00007ffc6a920000 - 0x00007ffc6a939000 	D:\Get Software\eclipse-jee-2020-12-R-win32-x86_64\eclipse\plugins\org.eclipse.justj.openjdk.hotspot.jre.full.win32.x86_64_15.0.1.v20201027-0507\jre\bin\VCRUNTIME140.dll
0x00007ffc72470000 - 0x00007ffc72610000 	C:\Windows\System32\USER32.dll
0x00007ffc70cf0000 - 0x00007ffc70d12000 	C:\Windows\System32\win32u.dll
0x00007ffc72610000 - 0x00007ffc7263a000 	C:\Windows\System32\GDI32.dll
0x00007ffc70810000 - 0x00007ffc7091b000 	C:\Windows\System32\gdi32full.dll
0x00007ffc70b10000 - 0x00007ffc70bad000 	C:\Windows\System32\msvcp_win.dll
0x00007ffc55160000 - 0x00007ffc553fa000 	C:\Windows\WinSxS\amd64_microsoft.windows.common-controls_6595b64144ccf1df_6.0.19041.1052_none_60b8f8fd71f5e8cb\COMCTL32.dll
0x00007ffc71a60000 - 0x00007ffc71afe000 	C:\Windows\System32\msvcrt.dll
0x00007ffc71b10000 - 0x00007ffc71b40000 	C:\Windows\System32\IMM32.DLL
0x00007ffc66620000 - 0x00007ffc6662c000 	D:\Get Software\eclipse-jee-2020-12-R-win32-x86_64\eclipse\plugins\org.eclipse.justj.openjdk.hotspot.jre.full.win32.x86_64_15.0.1.v20201027-0507\jre\bin\vcruntime140_1.dll
0x00007ffc59430000 - 0x00007ffc594c1000 	D:\Get Software\eclipse-jee-2020-12-R-win32-x86_64\eclipse\plugins\org.eclipse.justj.openjdk.hotspot.jre.full.win32.x86_64_15.0.1.v20201027-0507\jre\bin\msvcp140.dll
0x00007ffc21c60000 - 0x00007ffc227be000 	D:\Get Software\eclipse-jee-2020-12-R-win32-x86_64\eclipse\plugins\org.eclipse.justj.openjdk.hotspot.jre.full.win32.x86_64_15.0.1.v20201027-0507\jre\bin\server\jvm.dll
0x00007ffc72010000 - 0x00007ffc720bc000 	C:\Windows\System32\ADVAPI32.dll
0x00007ffc71960000 - 0x00007ffc719fb000 	C:\Windows\System32\sechost.dll
0x00007ffc72c60000 - 0x00007ffc72d8b000 	C:\Windows\System32\RPCRT4.dll
0x00007ffc711a0000 - 0x00007ffc711a8000 	C:\Windows\System32\PSAPI.DLL
0x00007ffc64ad0000 - 0x00007ffc64ada000 	C:\Windows\SYSTEM32\VERSION.dll
0x00007ffc6a940000 - 0x00007ffc6a949000 	C:\Windows\SYSTEM32\WSOCK32.dll
0x00007ffc72350000 - 0x00007ffc723bb000 	C:\Windows\System32\WS2_32.dll
0x00007ffc67890000 - 0x00007ffc678b7000 	C:\Windows\SYSTEM32\WINMM.dll
0x00007ffc6efc0000 - 0x00007ffc6efd2000 	C:\Windows\SYSTEM32\kernel.appcore.dll
0x00007ffc66560000 - 0x00007ffc6656a000 	D:\Get Software\eclipse-jee-2020-12-R-win32-x86_64\eclipse\plugins\org.eclipse.justj.openjdk.hotspot.jre.full.win32.x86_64_15.0.1.v20201027-0507\jre\bin\jimage.dll
0x00007ffc6b4d0000 - 0x00007ffc6b6b4000 	C:\Windows\SYSTEM32\DBGHELP.DLL
0x00007ffc67840000 - 0x00007ffc6786c000 	C:\Windows\SYSTEM32\dbgcore.DLL
0x00007ffc70920000 - 0x00007ffc709a3000 	C:\Windows\System32\bcryptPrimitives.dll
0x00007ffc3d240000 - 0x00007ffc3d265000 	D:\Get Software\eclipse-jee-2020-12-R-win32-x86_64\eclipse\plugins\org.eclipse.justj.openjdk.hotspot.jre.full.win32.x86_64_15.0.1.v20201027-0507\jre\bin\java.dll

dbghelp: loaded successfully - version: 4.0.5 - missing functions: none
symbol engine: initialized successfully - sym options: 0x614 - pdb path: .;D:\Get Software\eclipse-jee-2020-12-R-win32-x86_64\eclipse\plugins\org.eclipse.justj.openjdk.hotspot.jre.full.win32.x86_64_15.0.1.v20201027-0507\jre\bin;C:\Windows\SYSTEM32;C:\Windows\WinSxS\amd64_microsoft.windows.common-controls_6595b64144ccf1df_6.0.19041.1052_none_60b8f8fd71f5e8cb;D:\Get Software\eclipse-jee-2020-12-R-win32-x86_64\eclipse\plugins\org.eclipse.justj.openjdk.hotspot.jre.full.win32.x86_64_15.0.1.v20201027-0507\jre\bin\server

VM Arguments:
jvm_args: -Dfile.encoding=Cp1252 -XX:+ShowCodeDetailsInExceptionMessages 
java_command: jUnitclass.MainArrOperations
java_class_path (initial): C:\Users\Nihal\eclipse-workspace\JUnitQuestions\bin;D:\Get Software\eclipse-jee-2020-12-R-win32-x86_64\eclipse\plugins\org.junit.jupiter.api_5.7.0.v20201026-1537.jar;D:\Get Software\eclipse-jee-2020-12-R-win32-x86_64\eclipse\plugins\org.junit.jupiter.engine_5.7.0.v20201026-1537.jar;D:\Get Software\eclipse-jee-2020-12-R-win32-x86_64\eclipse\plugins\org.junit.jupiter.migrationsupport_5.7.0.v20201026-1537.jar;D:\Get Software\eclipse-jee-2020-12-R-win32-x86_64\eclipse\plugins\org.junit.jupiter.params_5.7.0.v20201026-1537.jar;D:\Get Software\eclipse-jee-2020-12-R-win32-x86_64\eclipse\plugins\org.junit.platform.commons_1.7.0.v20201026-1537.jar;D:\Get Software\eclipse-jee-2020-12-R-win32-x86_64\eclipse\plugins\org.junit.platform.engine_1.7.0.v20201026-1537.jar;D:\Get Software\eclipse-jee-2020-12-R-win32-x86_64\eclipse\plugins\org.junit.platform.launcher_1.7.0.v20201026-1537.jar;D:\Get Software\eclipse-jee-2020-12-R-win32-x86_64\eclipse\plugins\org.junit.platform.runner_1.7.0.v20201026-1537.jar;D:\Get Software\eclipse-jee-2020-12-R-win32-x86_64\eclipse\plugins\org.junit.platform.suite.api_1.7.0.v20201026-1537.jar;D:\Get Software\eclipse-jee-2020-12-R-win32-x86_64\eclipse\plugins\org.junit.vintage.engine_5.7.0.v20201026-1537.jar;D:\Get Software\eclipse-jee-2020-12-R-win32-x86_64\eclipse\plugins\org.opentest4j_1.2.0.v20190826-0900.jar;D:\Get Software\eclipse-jee-2020-12-R-win32-x86_64\eclipse\plugins\org.apiguardian_1.1.0.v20190826-0900.jar;D:\Get Software\eclipse-jee-2020-12-R-win32-x86_64\eclipse\plugins\org.junit_4.13.0.v20200204-1500.jar;D:\Get Software\eclipse-jee-2020-12-R-win32-x86_64\eclipse\plugins\org.hamcrest.core_1.3.0.v20180420-1519.jar
Launcher Type: SUN_STANDARD

[Global flags]
     intx CICompilerCount                          = 4                                         {product} {ergonomic}
     uint ConcGCThreads                            = 2                                         {product} {ergonomic}
     uint G1ConcRefinementThreads                  = 8                                         {product} {ergonomic}
   size_t G1HeapRegionSize                         = 1048576                                   {product} {ergonomic}
    uintx GCDrainStackTargetSize                   = 64                                        {product} {ergonomic}
   size_t InitialHeapSize                          = 132120576                                 {product} {ergonomic}
   size_t MarkStackSize                            = 4194304                                   {product} {ergonomic}
   size_t MaxHeapSize                              = 2086666240                                {product} {ergonomic}
   size_t MinHeapDeltaBytes                        = 1048576                                   {product} {ergonomic}
   size_t MinHeapSize                              = 8388608                                   {product} {ergonomic}
    uintx NonNMethodCodeHeapSize                   = 5839372                                {pd product} {ergonomic}
    uintx NonProfiledCodeHeapSize                  = 122909434                              {pd product} {ergonomic}
    uintx ProfiledCodeHeapSize                     = 122909434                              {pd product} {ergonomic}
    uintx ReservedCodeCacheSize                    = 251658240                              {pd product} {ergonomic}
     bool SegmentedCodeCache                       = true                                      {product} {ergonomic}
     bool ShowCodeDetailsInExceptionMessages       = true                                   {manageable} {command line}
   size_t SoftMaxHeapSize                          = 2086666240                             {manageable} {ergonomic}
     bool UseCompressedClassPointers               = true                                 {lp64_product} {ergonomic}
     bool UseCompressedOops                        = true                                 {lp64_product} {ergonomic}
     bool UseG1GC                                  = true                                      {product} {ergonomic}
     bool UseLargePagesIndividualAllocation        = false                                  {pd product} {ergonomic}

Logging:
Log output configuration:
 #0: stdout all=warning uptime,level,tags
 #1: stderr all=off uptime,level,tags

Environment Variables:
JAVA_HOME=C:\Program Files\Amazon Corretto\jdk11.0.11_9
PATH=D:/Get Software/eclipse-jee-2020-12-R-win32-x86_64/eclipse//plugins/org.eclipse.justj.openjdk.hotspot.jre.full.win32.x86_64_15.0.1.v20201027-0507/jre/bin/server;D:/Get Software/eclipse-jee-2020-12-R-win32-x86_64/eclipse//plugins/org.eclipse.justj.openjdk.hotspot.jre.full.win32.x86_64_15.0.1.v20201027-0507/jre/bin;C:\Program Files\Amazon Corretto\jdk11.0.11_9\bin;C:\Windows\system32;C:\Windows;C:\Windows\System32\Wbem;C:\Windows\System32\WindowsPowerShell\v1.0\;C:\Windows\System32\OpenSSH\;C:\Program Files\nodejs\;C:\Users\Nihal\AppData\Local\Microsoft\WindowsApps;C:\Users\Nihal\AppData\Roaming\npm;C:\Program Files\sfdx\bin;C:\Users\Nihal\AppData\Local\Programs\Microsoft VS Code\bin;D:\Get Software\eclipse-jee-2020-12-R-win32-x86_64\eclipse;
USERNAME=Nihal
OS=Windows_NT
PROCESSOR_IDENTIFIER=Intel64 Family 6 Model 142 Stepping 12, GenuineIntel



---------------  S Y S T E M  ---------------

OS:
 Windows 10 , 64 bit Build 19041 (10.0.19041.1023)
OS uptime: 10 days 11:40 hours

CPU: total 8 (initial active 8) (4 cores per cpu, 2 threads per core) family 6 model 142 stepping 12 microcode 0xde, cmov, cx8, fxsr, mmx, sse, sse2, sse3, ssse3, sse4.1, sse4.2, popcnt, vzeroupper, avx, avx2, aes, clmul, erms, 3dnowpref, lzcnt, ht, tsc, tscinvbit, bmi1, bmi2, adx, fma, clflush, clflushopt

Memory: 4k page, system-wide physical 7952M (905M free)
TotalPageFile size 32528M (AvailPageFile size 14M)
current process WorkingSet (physical memory assigned to process): 10M, peak: 10M
current process commit charge ("private bytes"): 60M, peak: 186M

vm_info: OpenJDK 64-Bit Server VM (15.0.1+9-18) for windows-amd64 JRE (15.0.1+9-18), built on Sep 15 2020 14:39:31 by "mach5one" with unknown MS VC++:1925

END.
